\BOOKMARK [0][-]{Doc-Start}{Resumen}{}% 1
\BOOKMARK [0][-]{Doc-Start}{Agradecmientos}{}% 2
\BOOKMARK [0][-]{Doc-Start}{\315ndice general}{}% 3
\BOOKMARK [0][-]{chapter*.1}{\315ndice de figuras}{}% 4
\BOOKMARK [0][-]{chapter.1}{Introducci\363n}{}% 5
\BOOKMARK [1][-]{section.1.1}{Motivaci\363n}{chapter.1}% 6
\BOOKMARK [1][-]{section.1.2}{Planteamiento del problema}{chapter.1}% 7
\BOOKMARK [1][-]{section.1.3}{Objetivo}{chapter.1}% 8
\BOOKMARK [0][-]{chapter.2}{Decaimiento del falso vac\355o en la Mec\341nica Cu\341ntica}{}% 9
\BOOKMARK [1][-]{section.2.1}{Tasa de decaimiento del falso vac\355o}{chapter.2}% 10
\BOOKMARK [1][-]{section.2.2}{Integral de camino euclideana}{chapter.2}% 11
\BOOKMARK [1][-]{section.2.3}{Aproximaci\363n de punto estacionario}{chapter.2}% 12
\BOOKMARK [1][-]{section.2.4}{Bounce}{chapter.2}% 13
\BOOKMARK [2][-]{subsection.2.4.1}{Modo cero}{section.2.4}% 14
\BOOKMARK [2][-]{subsection.2.4.2}{Modo negativo}{section.2.4}% 15
\BOOKMARK [2][-]{subsection.2.4.3}{Trayectorias con m\372ltiples bounces}{section.2.4}% 16
\BOOKMARK [0][-]{chapter.3}{Decaimiento del falso vac\355o en la TCC}{}% 17
\BOOKMARK [1][-]{section.3.1}{Tasa de decaimiento del falso vac\355o por unidad de volumen }{chapter.3}% 18
\BOOKMARK [1][-]{section.3.2}{Bounces en la Teor\355a Cu\341ntica de Campos}{chapter.3}% 19
\BOOKMARK [2][-]{subsection.3.2.1}{Aproximaci\363n de la pared delgada}{section.3.2}% 20
\BOOKMARK [1][-]{section.3.3}{C\341lculo de la tasa de decaimiento del falso vac\355o por unidad de volumen}{chapter.3}% 21
\BOOKMARK [1][-]{section.3.4}{El destino del falso vac\355o}{chapter.3}% 22
\BOOKMARK [2][-]{subsection.3.4.1}{Implicaciones cosmol\363gicas}{section.3.4}% 23
\BOOKMARK [2][-]{subsection.3.4.2}{Aplicaciones}{section.3.4}% 24
\BOOKMARK [0][-]{chapter.4}{Conclusiones}{}% 25
\BOOKMARK [0][-]{chapter*.12}{Bibliograf\355a}{}% 26
